<?xml version="1.0" encoding="UTF-8"?>
<!-- Generated by org.testng.reporters.JUnitXMLReporter -->
<testsuite ignored="0" hostname="DESKTOP-SEE9OFQ" failures="1" tests="2" name=" Search Tests" time="204.257" errors="0" timestamp="2025-09-24T18:40:00 IST">
  <testcase classname="com.iween.OneWay.TCCP_1" name="myTest" time="65.213"/>
  <testcase classname="com.iween.OneWay.TCCP_1" name="myTest" time="131.003">
    <failure type="java.lang.AssertionError" message="null">
      <![CDATA[java.lang.AssertionError: null
at com.skytraveller.pageObjects1.ResultPage.validateResultPage1(ResultPage.java:407)
at com.iween.OneWay.TCCP_1.myTest(TCCP_1.java:122)
at java.base/java.util.concurrent.Executors$RunnableAdapter.call(Executors.java:572)
at java.base/java.util.concurrent.FutureTask.run(FutureTask.java:317)
at java.base/java.util.concurrent.ThreadPoolExecutor.runWorker(ThreadPoolExecutor.java:1144)
at java.base/java.util.concurrent.ThreadPoolExecutor$Worker.run(ThreadPoolExecutor.java:642)
at java.base/java.lang.Thread.run(Thread.java:1583)
... Removed 13 stack frames]]>
    </failure>
  </testcase> <!-- myTest -->
</testsuite> <!--  Search Tests -->
