<?xml version="1.0" encoding="UTF-8"?>
<!-- Generated by org.testng.reporters.JUnitXMLReporter -->
<testsuite ignored="0" hostname="DESKTOP-SEE9OFQ" failures="1" tests="1" name="SearchToBooking" time="110.638" errors="0" timestamp="2025-08-26T22:01:18 IST">
  <testcase classname="com.iween.searchtobookingsupplierwiseroundtrip.TCSBS_1" name="myTest" time="95.185">
    <failure type="java.lang.AssertionError" message="null">
      <![CDATA[java.lang.AssertionError: null
at com.iween.searchtobookingsupplierwiseroundtrip.TCSBS_1.myTest(TCSBS_1.java:236)
at java.base/java.util.ArrayList.forEach(ArrayList.java:1596)
... Removed 27 stack frames]]>
    </failure>
  </testcase> <!-- myTest -->
</testsuite> <!-- SearchToBooking -->
