<?xml version="1.0" encoding="UTF-8"?>
<!-- Generated by org.testng.reporters.JUnitReportReporter -->
<testsuite hostname="DESKTOP-SEE9OFQ" failures="2" tests="29" name="com.iween.OneWay.TCCP_3" time="3281.141" errors="0" timestamp="2025-09-16T14:37:27 IST" skipped="0">
  <testcase classname="com.iween.OneWay.TCCP_3" name="myTest" time="120.316"/>
  <testcase classname="com.iween.OneWay.TCCP_3" name="myTest" time="102.833"/>
  <testcase classname="com.iween.OneWay.TCCP_3" name="myTest" time="115.746"/>
  <testcase classname="com.iween.OneWay.TCCP_3" name="myTest" time="99.794"/>
  <testcase classname="com.iween.OneWay.TCCP_3" name="myTest" time="99.987"/>
  <testcase classname="com.iween.OneWay.TCCP_3" name="myTest" time="108.754"/>
  <testcase classname="com.iween.OneWay.TCCP_3" name="myTest" time="101.096"/>
  <testcase classname="com.iween.OneWay.TCCP_3" name="myTest" time="125.271"/>
  <testcase classname="com.iween.OneWay.TCCP_3" name="myTest" time="101.192"/>
  <testcase classname="com.iween.OneWay.TCCP_3" name="myTest" time="114.340"/>
  <testcase classname="com.iween.OneWay.TCCP_3" name="myTest" time="101.425"/>
  <testcase classname="com.iween.OneWay.TCCP_3" name="myTest" time="97.986"/>
  <testcase classname="com.iween.OneWay.TCCP_3" name="myTest" time="102.273"/>
  <testcase classname="com.iween.OneWay.TCCP_3" name="myTest" time="143.890"/>
  <testcase classname="com.iween.OneWay.TCCP_3" name="myTest" time="114.234"/>
  <testcase classname="com.iween.OneWay.TCCP_3" name="myTest" time="119.071">
    <failure message="null" type="java.lang.AssertionError">
      <![CDATA[java.lang.AssertionError: null
at org.testng.Assert.fail(Assert.java:111)
at org.testng.Assert.fail(Assert.java:116)
at com.skytraveller.pageObjects1.ResultPage.validateResultPage1(ResultPage.java:400)
at com.iween.OneWay.TCCP_3.myTest(TCCP_3.java:127)
at java.base/jdk.internal.reflect.DirectMethodHandleAccessor.invoke(DirectMethodHandleAccessor.java:103)
at java.base/java.lang.reflect.Method.invoke(Method.java:580)
at org.testng.internal.invokers.MethodInvocationHelper.invokeMethod(MethodInvocationHelper.java:141)
at org.testng.internal.invokers.TestInvoker.invokeMethod(TestInvoker.java:687)
at org.testng.internal.invokers.TestInvoker.invokeTestMethod(TestInvoker.java:230)
at org.testng.internal.invokers.MethodRunner.runInSequence(MethodRunner.java:63)
at org.testng.internal.invokers.TestInvoker$MethodInvocationAgent.invoke(TestInvoker.java:995)
at org.testng.internal.invokers.TestInvoker.invokeTestMethods(TestInvoker.java:203)
at org.testng.internal.invokers.TestMethodWorker.invokeTestMethods(TestMethodWorker.java:154)
at org.testng.internal.invokers.TestMethodWorker.run(TestMethodWorker.java:134)
at java.base/java.util.concurrent.Executors$RunnableAdapter.call(Executors.java:572)
at java.base/java.util.concurrent.FutureTask.run(FutureTask.java:317)
at org.testng.internal.thread.graph.TestNGFutureTask.run(TestNGFutureTask.java:22)
at java.base/java.util.concurrent.ThreadPoolExecutor.runWorker(ThreadPoolExecutor.java:1144)
at java.base/java.util.concurrent.ThreadPoolExecutor$Worker.run(ThreadPoolExecutor.java:642)
at java.base/java.lang.Thread.run(Thread.java:1583)
]]>
    </failure>
  </testcase> <!-- myTest -->
  <testcase classname="com.iween.OneWay.TCCP_3" name="myTest" time="119.009"/>
  <testcase classname="com.iween.OneWay.TCCP_3" name="myTest" time="129.295"/>
  <testcase classname="com.iween.OneWay.TCCP_3" name="myTest" time="125.058"/>
  <testcase classname="com.iween.OneWay.TCCP_3" name="myTest" time="115.740"/>
  <testcase classname="com.iween.OneWay.TCCP_3" name="myTest" time="109.247"/>
  <testcase classname="com.iween.OneWay.TCCP_3" name="myTest" time="113.891"/>
  <testcase classname="com.iween.OneWay.TCCP_3" name="myTest" time="119.035">
    <failure message="null" type="java.lang.AssertionError">
      <![CDATA[java.lang.AssertionError: null
at org.testng.Assert.fail(Assert.java:111)
at org.testng.Assert.fail(Assert.java:116)
at com.skytraveller.pageObjects1.ResultPage.validateResultPage1(ResultPage.java:400)
at com.iween.OneWay.TCCP_3.myTest(TCCP_3.java:127)
at java.base/jdk.internal.reflect.DirectMethodHandleAccessor.invoke(DirectMethodHandleAccessor.java:103)
at java.base/java.lang.reflect.Method.invoke(Method.java:580)
at org.testng.internal.invokers.MethodInvocationHelper.invokeMethod(MethodInvocationHelper.java:141)
at org.testng.internal.invokers.TestInvoker.invokeMethod(TestInvoker.java:687)
at org.testng.internal.invokers.TestInvoker.invokeTestMethod(TestInvoker.java:230)
at org.testng.internal.invokers.MethodRunner.runInSequence(MethodRunner.java:63)
at org.testng.internal.invokers.TestInvoker$MethodInvocationAgent.invoke(TestInvoker.java:995)
at org.testng.internal.invokers.TestInvoker.invokeTestMethods(TestInvoker.java:203)
at org.testng.internal.invokers.TestMethodWorker.invokeTestMethods(TestMethodWorker.java:154)
at org.testng.internal.invokers.TestMethodWorker.run(TestMethodWorker.java:134)
at java.base/java.util.concurrent.Executors$RunnableAdapter.call(Executors.java:572)
at java.base/java.util.concurrent.FutureTask.run(FutureTask.java:317)
at org.testng.internal.thread.graph.TestNGFutureTask.run(TestNGFutureTask.java:22)
at java.base/java.util.concurrent.ThreadPoolExecutor.runWorker(ThreadPoolExecutor.java:1144)
at java.base/java.util.concurrent.ThreadPoolExecutor$Worker.run(ThreadPoolExecutor.java:642)
at java.base/java.lang.Thread.run(Thread.java:1583)
]]>
    </failure>
  </testcase> <!-- myTest -->
  <testcase classname="com.iween.OneWay.TCCP_3" name="myTest" time="124.523"/>
  <testcase classname="com.iween.OneWay.TCCP_3" name="myTest" time="126.675"/>
  <testcase classname="com.iween.OneWay.TCCP_3" name="myTest" time="119.487"/>
  <testcase classname="com.iween.OneWay.TCCP_3" name="myTest" time="103.169"/>
  <testcase classname="com.iween.OneWay.TCCP_3" name="myTest" time="103.472"/>
  <testcase classname="com.iween.OneWay.TCCP_3" name="myTest" time="104.332"/>
</testsuite> <!-- com.iween.OneWay.TCCP_3 -->
