<?xml version="1.0" encoding="UTF-8"?>
<!-- Generated by org.testng.reporters.JUnitReportReporter -->
<testsuite hostname="DESKTOP-SEE9OFQ" failures="4" tests="29" name="com.iween.RoundTripFilterTestcase1.TCCP_1" time="4186.694" errors="0" timestamp="2025-09-15T13:15:55 IST" skipped="0">
  <testcase classname="com.iween.RoundTripFilterTestcase1.TCCP_1" name="myTest" time="114.322"/>
  <testcase classname="com.iween.RoundTripFilterTestcase1.TCCP_1" name="myTest" time="93.641"/>
  <testcase classname="com.iween.RoundTripFilterTestcase1.TCCP_1" name="myTest" time="107.390"/>
  <testcase classname="com.iween.RoundTripFilterTestcase1.TCCP_1" name="myTest" time="227.373"/>
  <testcase classname="com.iween.RoundTripFilterTestcase1.TCCP_1" name="myTest" time="169.321"/>
  <testcase classname="com.iween.RoundTripFilterTestcase1.TCCP_1" name="myTest" time="167.046"/>
  <testcase classname="com.iween.RoundTripFilterTestcase1.TCCP_1" name="myTest" time="131.515"/>
  <testcase classname="com.iween.RoundTripFilterTestcase1.TCCP_1" name="myTest" time="121.645">
    <failure message="null" type="java.lang.AssertionError">
      <![CDATA[java.lang.AssertionError: null
at org.testng.Assert.fail(Assert.java:111)
at org.testng.Assert.fail(Assert.java:116)
at com.skytraveller.pageObjects1.ResultPage.validateResultPage1(ResultPage.java:400)
at com.iween.RoundTripFilterTestcase1.TCCP_1.myTest(TCCP_1.java:117)
at java.base/jdk.internal.reflect.DirectMethodHandleAccessor.invoke(DirectMethodHandleAccessor.java:103)
at java.base/java.lang.reflect.Method.invoke(Method.java:580)
at org.testng.internal.invokers.MethodInvocationHelper.invokeMethod(MethodInvocationHelper.java:141)
at org.testng.internal.invokers.TestInvoker.invokeMethod(TestInvoker.java:687)
at org.testng.internal.invokers.TestInvoker.invokeTestMethod(TestInvoker.java:230)
at org.testng.internal.invokers.MethodRunner.runInSequence(MethodRunner.java:63)
at org.testng.internal.invokers.TestInvoker$MethodInvocationAgent.invoke(TestInvoker.java:995)
at org.testng.internal.invokers.TestInvoker.invokeTestMethods(TestInvoker.java:203)
at org.testng.internal.invokers.TestMethodWorker.invokeTestMethods(TestMethodWorker.java:154)
at org.testng.internal.invokers.TestMethodWorker.run(TestMethodWorker.java:134)
at java.base/java.util.concurrent.Executors$RunnableAdapter.call(Executors.java:572)
at java.base/java.util.concurrent.FutureTask.run(FutureTask.java:317)
at org.testng.internal.thread.graph.TestNGFutureTask.run(TestNGFutureTask.java:22)
at java.base/java.util.concurrent.ThreadPoolExecutor.runWorker(ThreadPoolExecutor.java:1144)
at java.base/java.util.concurrent.ThreadPoolExecutor$Worker.run(ThreadPoolExecutor.java:642)
at java.base/java.lang.Thread.run(Thread.java:1583)
]]>
    </failure>
  </testcase> <!-- myTest -->
  <testcase classname="com.iween.RoundTripFilterTestcase1.TCCP_1" name="myTest" time="122.852">
    <failure message="null" type="java.lang.AssertionError">
      <![CDATA[java.lang.AssertionError: null
at org.testng.Assert.fail(Assert.java:111)
at org.testng.Assert.fail(Assert.java:116)
at com.skytraveller.pageObjects1.ResultPage.validateResultPage1(ResultPage.java:400)
at com.iween.RoundTripFilterTestcase1.TCCP_1.myTest(TCCP_1.java:117)
at java.base/jdk.internal.reflect.DirectMethodHandleAccessor.invoke(DirectMethodHandleAccessor.java:103)
at java.base/java.lang.reflect.Method.invoke(Method.java:580)
at org.testng.internal.invokers.MethodInvocationHelper.invokeMethod(MethodInvocationHelper.java:141)
at org.testng.internal.invokers.TestInvoker.invokeMethod(TestInvoker.java:687)
at org.testng.internal.invokers.TestInvoker.invokeTestMethod(TestInvoker.java:230)
at org.testng.internal.invokers.MethodRunner.runInSequence(MethodRunner.java:63)
at org.testng.internal.invokers.TestInvoker$MethodInvocationAgent.invoke(TestInvoker.java:995)
at org.testng.internal.invokers.TestInvoker.invokeTestMethods(TestInvoker.java:203)
at org.testng.internal.invokers.TestMethodWorker.invokeTestMethods(TestMethodWorker.java:154)
at org.testng.internal.invokers.TestMethodWorker.run(TestMethodWorker.java:134)
at java.base/java.util.concurrent.Executors$RunnableAdapter.call(Executors.java:572)
at java.base/java.util.concurrent.FutureTask.run(FutureTask.java:317)
at org.testng.internal.thread.graph.TestNGFutureTask.run(TestNGFutureTask.java:22)
at java.base/java.util.concurrent.ThreadPoolExecutor.runWorker(ThreadPoolExecutor.java:1144)
at java.base/java.util.concurrent.ThreadPoolExecutor$Worker.run(ThreadPoolExecutor.java:642)
at java.base/java.lang.Thread.run(Thread.java:1583)
]]>
    </failure>
  </testcase> <!-- myTest -->
  <testcase classname="com.iween.RoundTripFilterTestcase1.TCCP_1" name="myTest" time="158.753"/>
  <testcase classname="com.iween.RoundTripFilterTestcase1.TCCP_1" name="myTest" time="181.216"/>
  <testcase classname="com.iween.RoundTripFilterTestcase1.TCCP_1" name="myTest" time="212.795"/>
  <testcase classname="com.iween.RoundTripFilterTestcase1.TCCP_1" name="myTest" time="103.223"/>
  <testcase classname="com.iween.RoundTripFilterTestcase1.TCCP_1" name="myTest" time="227.513"/>
  <testcase classname="com.iween.RoundTripFilterTestcase1.TCCP_1" name="myTest" time="173.333"/>
  <testcase classname="com.iween.RoundTripFilterTestcase1.TCCP_1" name="myTest" time="126.104">
    <failure message="null" type="java.lang.AssertionError">
      <![CDATA[java.lang.AssertionError: null
at org.testng.Assert.fail(Assert.java:111)
at org.testng.Assert.fail(Assert.java:116)
at com.skytraveller.pageObjects1.ResultPage.validateResultPage1(ResultPage.java:400)
at com.iween.RoundTripFilterTestcase1.TCCP_1.myTest(TCCP_1.java:117)
at java.base/jdk.internal.reflect.DirectMethodHandleAccessor.invoke(DirectMethodHandleAccessor.java:103)
at java.base/java.lang.reflect.Method.invoke(Method.java:580)
at org.testng.internal.invokers.MethodInvocationHelper.invokeMethod(MethodInvocationHelper.java:141)
at org.testng.internal.invokers.TestInvoker.invokeMethod(TestInvoker.java:687)
at org.testng.internal.invokers.TestInvoker.invokeTestMethod(TestInvoker.java:230)
at org.testng.internal.invokers.MethodRunner.runInSequence(MethodRunner.java:63)
at org.testng.internal.invokers.TestInvoker$MethodInvocationAgent.invoke(TestInvoker.java:995)
at org.testng.internal.invokers.TestInvoker.invokeTestMethods(TestInvoker.java:203)
at org.testng.internal.invokers.TestMethodWorker.invokeTestMethods(TestMethodWorker.java:154)
at org.testng.internal.invokers.TestMethodWorker.run(TestMethodWorker.java:134)
at java.base/java.util.concurrent.Executors$RunnableAdapter.call(Executors.java:572)
at java.base/java.util.concurrent.FutureTask.run(FutureTask.java:317)
at org.testng.internal.thread.graph.TestNGFutureTask.run(TestNGFutureTask.java:22)
at java.base/java.util.concurrent.ThreadPoolExecutor.runWorker(ThreadPoolExecutor.java:1144)
at java.base/java.util.concurrent.ThreadPoolExecutor$Worker.run(ThreadPoolExecutor.java:642)
at java.base/java.lang.Thread.run(Thread.java:1583)
]]>
    </failure>
  </testcase> <!-- myTest -->
  <testcase classname="com.iween.RoundTripFilterTestcase1.TCCP_1" name="myTest" time="109.062"/>
  <testcase classname="com.iween.RoundTripFilterTestcase1.TCCP_1" name="myTest" time="175.165"/>
  <testcase classname="com.iween.RoundTripFilterTestcase1.TCCP_1" name="myTest" time="106.984"/>
  <testcase classname="com.iween.RoundTripFilterTestcase1.TCCP_1" name="myTest" time="159.840"/>
  <testcase classname="com.iween.RoundTripFilterTestcase1.TCCP_1" name="myTest" time="201.422"/>
  <testcase classname="com.iween.RoundTripFilterTestcase1.TCCP_1" name="myTest" time="162.974"/>
  <testcase classname="com.iween.RoundTripFilterTestcase1.TCCP_1" name="myTest" time="116.546"/>
  <testcase classname="com.iween.RoundTripFilterTestcase1.TCCP_1" name="myTest" time="132.146"/>
  <testcase classname="com.iween.RoundTripFilterTestcase1.TCCP_1" name="myTest" time="126.401"/>
  <testcase classname="com.iween.RoundTripFilterTestcase1.TCCP_1" name="myTest" time="122.993"/>
  <testcase classname="com.iween.RoundTripFilterTestcase1.TCCP_1" name="myTest" time="122.101"/>
  <testcase classname="com.iween.RoundTripFilterTestcase1.TCCP_1" name="myTest" time="91.293"/>
  <testcase classname="com.iween.RoundTripFilterTestcase1.TCCP_1" name="myTest" time="121.725">
    <failure message="❌ Exception in validateAirlineRoundTrip(): element not interactable
  (Session info: chrome=140.0.7339.128)
Build info: version: &#039;4.21.0&#039;, revision: &#039;79ed462ef4&#039;
System info: os.name: &#039;Windows 11&#039;, os.arch: &#039;amd64&#039;, os.version: &#039;10.0&#039;, java.version: &#039;21.0.7&#039;
Driver info: org.openqa.selenium.chrome.ChromeDriver
Command: [f5374fdb31b4a117ecdefec62b643327, clickElement {id=f.404B35021FD0C2D62C5F368F8C81A225.d.F11E8D7597D9815D20F3E23C1A210384.e.261}]
Capabilities {acceptInsecureCerts: false, browserName: chrome, browserVersion: 140.0.7339.128, chrome: {chromedriverVersion: 140.0.7339.82 (bc93617e21c3..., userDataDir: C:\Users\LENOVO\AppData\Loc...}, fedcm:accounts: true, goog:chromeOptions: {debuggerAddress: localhost:54216}, networkConnectionEnabled: false, pageLoadStrategy: normal, platformName: windows, proxy: Proxy(), se:cdp: ws://localhost:54216/devtoo..., se:cdpVersion: 140.0.7339.128, setWindowRect: true, strictFileInteractability: false, timeouts: {implicit: 0, pageLoad: 300000, script: 30000}, unhandledPromptBehavior: dismiss and notify, webauthn:extension:credBlob: true, webauthn:extension:largeBlob: true, webauthn:extension:minPinLength: true, webauthn:extension:prf: true, webauthn:virtualAuthenticators: true}
Element: [[ChromeDriver: chrome on windows (f5374fdb31b4a117ecdefec62b643327)] -&gt; xpath: //button[@class=&#039;btn-close&#039;]]
Session ID: f5374fdb31b4a117ecdefec62b643327" type="java.lang.AssertionError">
      <![CDATA[java.lang.AssertionError: ❌ Exception in validateAirlineRoundTrip(): element not interactable
  (Session info: chrome=140.0.7339.128)
Build info: version: '4.21.0', revision: '79ed462ef4'
System info: os.name: 'Windows 11', os.arch: 'amd64', os.version: '10.0', java.version: '21.0.7'
Driver info: org.openqa.selenium.chrome.ChromeDriver
Command: [f5374fdb31b4a117ecdefec62b643327, clickElement {id=f.404B35021FD0C2D62C5F368F8C81A225.d.F11E8D7597D9815D20F3E23C1A210384.e.261}]
Capabilities {acceptInsecureCerts: false, browserName: chrome, browserVersion: 140.0.7339.128, chrome: {chromedriverVersion: 140.0.7339.82 (bc93617e21c3..., userDataDir: C:\Users\LENOVO\AppData\Loc...}, fedcm:accounts: true, goog:chromeOptions: {debuggerAddress: localhost:54216}, networkConnectionEnabled: false, pageLoadStrategy: normal, platformName: windows, proxy: Proxy(), se:cdp: ws://localhost:54216/devtoo..., se:cdpVersion: 140.0.7339.128, setWindowRect: true, strictFileInteractability: false, timeouts: {implicit: 0, pageLoad: 300000, script: 30000}, unhandledPromptBehavior: dismiss and notify, webauthn:extension:credBlob: true, webauthn:extension:largeBlob: true, webauthn:extension:minPinLength: true, webauthn:extension:prf: true, webauthn:virtualAuthenticators: true}
Element: [[ChromeDriver: chrome on windows (f5374fdb31b4a117ecdefec62b643327)] -> xpath: //button[@class='btn-close']]
Session ID: f5374fdb31b4a117ecdefec62b643327
at org.testng.Assert.fail(Assert.java:111)
at com.skytraveller.pageObjects1.SearchPage.validateAirlineRoundTrip(SearchPage.java:4140)
at com.iween.RoundTripFilterTestcase1.TCCP_1.myTest(TCCP_1.java:136)
at java.base/jdk.internal.reflect.DirectMethodHandleAccessor.invoke(DirectMethodHandleAccessor.java:103)
at java.base/java.lang.reflect.Method.invoke(Method.java:580)
at org.testng.internal.invokers.MethodInvocationHelper.invokeMethod(MethodInvocationHelper.java:141)
at org.testng.internal.invokers.TestInvoker.invokeMethod(TestInvoker.java:687)
at org.testng.internal.invokers.TestInvoker.invokeTestMethod(TestInvoker.java:230)
at org.testng.internal.invokers.MethodRunner.runInSequence(MethodRunner.java:63)
at org.testng.internal.invokers.TestInvoker$MethodInvocationAgent.invoke(TestInvoker.java:995)
at org.testng.internal.invokers.TestInvoker.invokeTestMethods(TestInvoker.java:203)
at org.testng.internal.invokers.TestMethodWorker.invokeTestMethods(TestMethodWorker.java:154)
at org.testng.internal.invokers.TestMethodWorker.run(TestMethodWorker.java:134)
at java.base/java.util.concurrent.Executors$RunnableAdapter.call(Executors.java:572)
at java.base/java.util.concurrent.FutureTask.run(FutureTask.java:317)
at org.testng.internal.thread.graph.TestNGFutureTask.run(TestNGFutureTask.java:22)
at java.base/java.util.concurrent.ThreadPoolExecutor.runWorker(ThreadPoolExecutor.java:1144)
at java.base/java.util.concurrent.ThreadPoolExecutor$Worker.run(ThreadPoolExecutor.java:642)
at java.base/java.lang.Thread.run(Thread.java:1583)
]]>
    </failure>
  </testcase> <!-- myTest -->
</testsuite> <!-- com.iween.RoundTripFilterTestcase1.TCCP_1 -->
